aa 1.0
aah 0.13333333333333333
aahed 0.16666666666666666
aahing 0.22727272727272727
aahs 0.13636363636363635
aal 0.16666666666666666
aalii 0.375
aaliis 0.5
aals 0.5
aa 1.0
aah 0.13333333333333333
aahed 0.16666666666666666
aahing 0.22727272727272727
aahs 0.13636363636363635
aal 0.16666666666666666
aalii 0.375
aa 1.0
aah 0.13333333333333333
aahed 0.16666666666666666
aahing 0.22727272727272727
aahs 0.13636363636363635
aal 0.16666666666666666
aalii 0.375
aaliis 0.5
aals 0.5
aardvark 0.22727272727272727
aardvarks 0.2727272727272727
aardwolf 0.3333333333333333
aardwolves 0.4090909090909091
aargh 0.26666666666666666
aarrgh 0.3076923076923077
aarrghh 0.25
aas 0.5
aasvogel 0.3333333333333333
aasvogels 0.35
ab 0.125
aba 0.15384615384615385
abaca 0.17647058823529413
abacas 0.23529411764705882
abaci 0.23529411764705882
aback 0.21052631578947367
abacterial 0.4
abacus 0.29411764705882354
abacuses 0.3157894736842105
abaft 0.2
abaka 0.15
abakas 0.2222222222222222
abalone 0.35294117647058826
abalones 0.3684210526315789
abamp 0.21052631578947367
abampere 0.3157894736842105
abamperes 0.3888888888888889
abamps 0.29411764705882354
abandon 0.29411764705882354
abandoned 0.3157894736842105
abandoner 0.3684210526315789
abandoners 0.42105263157894735
abandoning 0.35
abandonment 0.42105263157894735
abandonments 0.47368421052631576
abandons 0.3157894736842105
abapical 0.35294117647058826
abas 0.16666666666666666
abase 0.23529411764705882
abased 0.2777777777777778
abasedly 0.35
abasement 0.3888888888888889
abasements 0.3888888888888889
abaser 0.29411764705882354
abasers 0.29411764705882354
abases 0.23529411764705882
abash 0.23529411764705882
abashed 0.3333333333333333
abashes 0.29411764705882354
abashing 0.35
abashment 0.4444444444444444
abashments 0.4444444444444444
abasia 0.23529411764705882
abasias 0.23529411764705882
abasing 0.35294117647058826
abatable 0.35714285714285715
abate 0.21052631578947367
abated 0.2777777777777778
abatement 0.3333333333333333
abatements 0.3888888888888889
abater 0.29411764705882354
abaters 0.35294117647058826
abates 0.29411764705882354
abating 0.35294117647058826
abatis 0.29411764705882354
abatises 0.3157894736842105
abator 0.29411764705882354
abators 0.375
abattis 0.3125
abattises 0.3333333333333333
abattoir 0.35294117647058826
abattoirs 0.3888888888888889
